08-Dec-2023 08:33:44.757 INFO [main] org.apache.catalina.startup.VersionLoggerListener.log Server version name:   Apache Tomcat/8.5.87
08-Dec-2023 08:33:44.760 INFO [main] org.apache.catalina.startup.VersionLoggerListener.log Server built:          Feb 27 2023 19:32:33 UTC
08-Dec-2023 08:33:44.760 INFO [main] org.apache.catalina.startup.VersionLoggerListener.log Server version number: 8.5.87.0
08-Dec-2023 08:33:44.760 INFO [main] org.apache.catalina.startup.VersionLoggerListener.log OS Name:               Windows 11
08-Dec-2023 08:33:44.760 INFO [main] org.apache.catalina.startup.VersionLoggerListener.log OS Version:            10.0
08-Dec-2023 08:33:44.760 INFO [main] org.apache.catalina.startup.VersionLoggerListener.log Architecture:          amd64
08-Dec-2023 08:33:44.760 INFO [main] org.apache.catalina.startup.VersionLoggerListener.log Java Home:             C:\Program Files\Java\jdk-17
08-Dec-2023 08:33:44.760 INFO [main] org.apache.catalina.startup.VersionLoggerListener.log JVM Version:           17.0.8+9-LTS-211
08-Dec-2023 08:33:44.760 INFO [main] org.apache.catalina.startup.VersionLoggerListener.log JVM Vendor:            Oracle Corporation
08-Dec-2023 08:33:44.760 INFO [main] org.apache.catalina.startup.VersionLoggerListener.log CATALINA_BASE:         F:\maispraTi\Semana 9 - Java Web - Servlet e JSP\Aula 02 - Criando projeto com Servlet e JSP\src\main\webapp
08-Dec-2023 08:33:44.760 INFO [main] org.apache.catalina.startup.VersionLoggerListener.log CATALINA_HOME:         C:\xampp\tomcat
08-Dec-2023 08:33:44.761 INFO [main] org.apache.catalina.startup.VersionLoggerListener.log Command line argument: --add-opens=java.base/java.lang=ALL-UNNAMED
08-Dec-2023 08:33:44.761 INFO [main] org.apache.catalina.startup.VersionLoggerListener.log Command line argument: --add-opens=java.base/java.io=ALL-UNNAMED
08-Dec-2023 08:33:44.761 INFO [main] org.apache.catalina.startup.VersionLoggerListener.log Command line argument: --add-opens=java.base/java.util=ALL-UNNAMED
08-Dec-2023 08:33:44.761 INFO [main] org.apache.catalina.startup.VersionLoggerListener.log Command line argument: --add-opens=java.base/java.util.concurrent=ALL-UNNAMED
08-Dec-2023 08:33:44.761 INFO [main] org.apache.catalina.startup.VersionLoggerListener.log Command line argument: --add-opens=java.rmi/sun.rmi.transport=ALL-UNNAMED
08-Dec-2023 08:33:44.761 INFO [main] org.apache.catalina.startup.VersionLoggerListener.log Command line argument: -Dcatalina.home=C:\xampp\tomcat
08-Dec-2023 08:33:44.763 INFO [main] org.apache.catalina.startup.VersionLoggerListener.log Command line argument: -Dcatalina.base=F:\maispraTi\Semana 9 - Java Web - Servlet e JSP\Aula 02 - Criando projeto com Servlet e JSP\src\main\webapp
08-Dec-2023 08:33:44.763 INFO [main] org.apache.catalina.startup.VersionLoggerListener.log Command line argument: -Djava.io.tmpdir=F:\maispraTi\Semana 9 - Java Web - Servlet e JSP\Aula 02 - Criando projeto com Servlet e JSP\src\main\webapp\temp
08-Dec-2023 08:33:44.763 INFO [main] org.apache.catalina.startup.VersionLoggerListener.log Command line argument: -Djava.util.logging.config.file=F:\maispraTi\Semana 9 - Java Web - Servlet e JSP\Aula 02 - Criando projeto com Servlet e JSP\src\main\webapp\conf\logging.properties
08-Dec-2023 08:33:44.763 INFO [main] org.apache.catalina.startup.VersionLoggerListener.log Command line argument: -Djava.util.logging.manager=org.apache.juli.ClassLoaderLogManager
08-Dec-2023 08:33:44.763 INFO [main] org.apache.catalina.startup.VersionLoggerListener.log Command line argument: -javaagent:C:\Program Files\JetBrains\IntelliJ IDEA Community Edition 2023.2.2\lib\idea_rt.jar=63798:C:\Program Files\JetBrains\IntelliJ IDEA Community Edition 2023.2.2\bin
08-Dec-2023 08:33:44.763 INFO [main] org.apache.catalina.startup.VersionLoggerListener.log Command line argument: -Dfile.encoding=UTF-8
08-Dec-2023 08:33:44.763 INFO [main] org.apache.catalina.core.AprLifecycleListener.lifecycleEvent The Apache Tomcat Native library which allows using OpenSSL was not found on the java.library.path: [C:\Program Files\Java\jdk-17\bin;C:\WINDOWS\Sun\Java\bin;C:\WINDOWS\system32;C:\WINDOWS;C:\Program Files\Eclipse Adoptium\jdk-17.0.8.101-hotspot\bin;C:\Program Files\Common Files\Oracle\Java\javapath;C:\Users\PC GAMER\AppData\Local\Packages\PythonSoftwareFoundation.Python.3.10_qbz5n2kfra8p0\LocalCache\local-packages\Python310\Scripts;C:\WINDOWS\system32;C:\WINDOWS;C:\WINDOWS\System32\Wbem;C:\WINDOWS\System32\WindowsPowerShell\v1.0\;C:\WINDOWS\System32\OpenSSH\;C:\Program Files\nodejs;C:\Program Files\dotnet\;C:\Program Files\Docker\Docker\resources\bin;C:\Program Files\Git\cmd;F:\PHP;C:\composer;C:\Users\PC GAMER\Desktop\scrcpy;C:\Users\PC GAMER\AppData\Local\Microsoft\WindowsApps;C:\Users\PC GAMER\AppData\Local\Programs\Python\Python310\Scripts;C:\Users\PC GAMER\AppData\Local\Programs\Python\Python310;C:\Users\PC GAMER\AppData\Roaming\npm;C:\Program Files\nodejs;C:\Users\PC GAMER\AppData\Roaming\Composer\vendor\bin;F:\PHP;C:\composer;C:\Users\PC GAMER\AppData\Local\Programs\Microsoft VS Code\bin;C:\Program Files\JetBrains\IntelliJ IDEA Community Edition 2023.2.2\bin;;C:\apache-maven-3.9.5\bin;;C:\Program Files\JetBrains\PyCharm 2023.2.3\bin;;C:\Program Files\JetBrains\PyCharm Community Edition 2023.2.3\bin;;.]
08-Dec-2023 08:33:44.802 INFO [main] org.apache.coyote.AbstractProtocol.init Initializing ProtocolHandler ["http-nio-8080"]
08-Dec-2023 08:33:44.828 INFO [main] org.apache.catalina.startup.Catalina.load Initialization processed in 543 ms
08-Dec-2023 08:33:44.876 INFO [main] org.apache.catalina.core.StandardService.startInternal Starting service [Catalina]
08-Dec-2023 08:33:44.876 INFO [main] org.apache.catalina.core.StandardEngine.startInternal Starting Servlet engine: [Apache Tomcat/8.5.87]
08-Dec-2023 08:33:44.886 INFO [localhost-startStop-1] org.apache.catalina.startup.HostConfig.deployDescriptor Deploying deployment descriptor [F:\maispraTi\Semana 9 - Java Web - Servlet e JSP\Aula 02 - Criando projeto com Servlet e JSP\src\main\webapp\conf\Catalina\localhost\projetoEscola.xml]
08-Dec-2023 08:33:45.480 INFO [localhost-startStop-1] org.apache.jasper.servlet.TldScanner.scanJars At least one JAR was scanned for TLDs yet contained no TLDs. Enable debug logging for this logger for a complete list of JARs that were scanned but no TLDs were found in them. Skipping unneeded JARs during scanning can improve startup time and JSP compilation time.
08-Dec-2023 08:33:45.561 INFO [localhost-startStop-1] org.apache.catalina.startup.HostConfig.deployDescriptor Deployment of deployment descriptor [F:\maispraTi\Semana 9 - Java Web - Servlet e JSP\Aula 02 - Criando projeto com Servlet e JSP\src\main\webapp\conf\Catalina\localhost\projetoEscola.xml] has finished in [674] ms
08-Dec-2023 08:33:45.563 INFO [main] org.apache.coyote.AbstractProtocol.start Starting ProtocolHandler ["http-nio-8080"]
08-Dec-2023 08:33:45.616 INFO [main] org.apache.catalina.startup.Catalina.start Server startup in 787 ms
08-Dec-2023 08:33:52.948 INFO [http-nio-8080-exec-1] org.apache.tomcat.util.http.parser.Cookie.logInvalidHeader A cookie header was received [Hm_lvt_eefa59dfd5fb29fcc57a8b2437ad5ab1=1698544277,1698628986,1698886687,1700252806] that contained an invalid cookie. That cookie will be ignored.
 Note: further occurrences of this error will be logged at DEBUG level.
08-Dec-2023 08:36:25.296 INFO [Thread-1] org.apache.coyote.AbstractProtocol.pause Pausing ProtocolHandler ["http-nio-8080"]
08-Dec-2023 08:36:25.307 INFO [Thread-1] org.apache.catalina.core.StandardService.stopInternal Stopping service [Catalina]
08-Dec-2023 08:36:25.322 INFO [Thread-1] org.apache.coyote.AbstractProtocol.stop Stopping ProtocolHandler ["http-nio-8080"]
08-Dec-2023 08:36:25.329 INFO [Thread-1] org.apache.coyote.AbstractProtocol.destroy Destroying ProtocolHandler ["http-nio-8080"]
